<?xml version="1.0" encoding="UTF-8"?>
<!-- Generated by org.testng.reporters.JUnitXMLReporter -->
<testsuite ignored="0" hostname="LAPTOP-LEU1AQSE" failures="0" tests="6" name="Test" time="62.339" errors="0" timestamp="2021-11-22T13:19:19 IST">
  <testcase classname="com.pagaal.org.Parameterized" name="login" time="11.155"/>
  <testcase classname="com.pagaal.org.Parameterized" name="login" time="9.972"/>
  <testcase classname="com.pagaal.org.Parameterized" name="login" time="9.782"/>
  <testcase classname="com.pagaal.org.Parameterized" name="login" time="10.796"/>
  <testcase classname="com.pagaal.org.Parameterized" name="login" time="9.417"/>
  <testcase classname="com.pagaal.org.Parameterized" name="instagram" time="11.061"/>
</testsuite> <!-- Test -->
